<?xml version="1.0" encoding="UTF-8"?>
<testsuite xmlns:xsi="http://www.w3.org/2001/XMLSchema-instance" xsi:noNamespaceSchemaLocation="https://maven.apache.org/surefire/maven-surefire-plugin/xsd/surefire-test-report-3.0.xsd" version="3.0" name="MessageTest" time="0.087" tests="9" errors="0" skipped="0" failures="0">
  <properties>
[...]
</properties>
  <testcase name="testValidateMessageLength" classname="MessageTest" time="0.039"/>
  <testcase name="testStaticContentValidation" classname="MessageTest" time="0.002"/>
  <testcase name="testRecipientValidationMessage" classname="MessageTest" time="0.001"/>
  <testcase name="testStoreMessage" classname="MessageTest" time="0.005">
    <system-out><![CDATA[Stored message (JSON): {"numMessagesSent":5,"recipient":"+27821234567","messageId":"1248031591","messageHash":"12:2-storethis","isSent":false,"isStored":true,"content":"Store this"}
]]></system-out>
  </testcase>
  <testcase name="testCheckRecipientCell" classname="MessageTest" time="0.001"/>
  <testcase name="testSendMessage" classname="MessageTest" time="0.001">
    <system-out><![CDATA[Stored message (JSON): {"numMessagesSent":9,"recipient":"+27821234567","messageId":"1561544702","messageHash":"15:2-sendthis","isSent":false,"isStored":true,"content":"Send this"}
]]></system-out>
  </testcase>
  <testcase name="testMessageCreationAndID" classname="MessageTest" time="0.002"/>
  <testcase name="testToJSON" classname="MessageTest" time="0.002"/>
  <testcase name="testCreateMessageHash" classname="MessageTest" time="0.001"/>
</testsuite>